[07-Jun-2022 17:05:44 UTC] Division By Zero Error: DivisionByZeroError: Division by zero in C:\Apache24\htdocs\api_practice\api_controll.php:346
Stack trace:
#0 {main}

[08-Jun-2022 13:56:39 UTC] PDO error: PDOException: SQLSTATE[08006] [7] could not connect to server: Connection refused (0x0000274D/10061)
	Is the server running on host "localhost" (::1) and accepting
	TCP/IP connections on port 54321?
could not connect to server: Connection refused (0x0000274D/10061)
	Is the server running on host "localhost" (127.0.0.1) and accepting
	TCP/IP connections on port 54321? in C:\Apache24\htdocs\api_practice\api_controll.php:120
Stack trace:
#0 C:\Apache24\htdocs\api_practice\api_controll.php(120): PDO->__construct('pgsql:host=loca...', 'postgres', 'w2e2i78727', Array)
#1 C:\Apache24\htdocs\api_practice\api_controll.php(131): DataFactory::DBConnection(Array)
#2 C:\Apache24\htdocs\api_practice\api_controll.php(346): DataFactory::Validation(Array, 'account_1', 'password_1', '1.1.1.1')
#3 {main}

[08-Jun-2022 14:11:34 UTC] Division By Zero Error: DivisionByZeroError: Division by zero in C:\Apache24\htdocs\api_practice\api_controll.php:175
Stack trace:
#0 C:\Apache24\htdocs\api_practice\api_controll.php(389): DataFactory::SearchData(Array, '13')
#1 {main}

[08-Jun-2022 16:27:46 UTC] PDOException: SQLSTATE[23505]: Unique violation: 7 ERROR:  duplicate key value violates unique constraint "api_practice_merchanttradenum_key"
DETAIL:  Key (merchanttradenum)=(cs00045) already exists. in C:\Apache24\htdocs\api_practice\api_controll.php:273
Stack trace:
#0 C:\Apache24\htdocs\api_practice\api_controll.php(273): PDOStatement->execute(Array)
#1 C:\Apache24\htdocs\api_practice\api_controll.php(367): DataFactory::InsertData(Array, Array)
#2 {main}

[09-Jun-2022 06:54:49 UTC] PDOException: SQLSTATE[22P02]: Invalid text representation: 7 ERROR:  invalid input syntax for type bigint: "fff"
CONTEXT:  unnamed portal parameter $1 = '...' in C:\Apache24\htdocs\api_practice\api_controll.php:203
Stack trace:
#0 C:\Apache24\htdocs\api_practice\api_controll.php(203): PDOStatement->execute()
#1 C:\Apache24\htdocs\api_practice\api_controll.php(412): DataFactory::SearchData(Array, 'fff')
#2 {main}

[09-Jun-2022 06:55:59 UTC] PDOException: SQLSTATE[23505]: Unique violation: 7 ERROR:  duplicate key value violates unique constraint "api_practice_merchanttradenum_key"
DETAIL:  Key (merchanttradenum)=(cs00045) already exists. in C:\Apache24\htdocs\api_practice\api_controll.php:275
Stack trace:
#0 C:\Apache24\htdocs\api_practice\api_controll.php(275): PDOStatement->execute(Array)
#1 C:\Apache24\htdocs\api_practice\api_controll.php(373): DataFactory::InsertData(Array, Array)
#2 {main}

[09-Jun-2022 06:58:41 UTC] PDOException: SQLSTATE[23505]: Unique violation: 7 ERROR:  duplicate key value violates unique constraint "api_practice_merchanttradenum_key"
DETAIL:  Key (merchanttradenum)=(cs00045) already exists. in C:\Apache24\htdocs\api_practice\api_controll.php:275
Stack trace:
#0 C:\Apache24\htdocs\api_practice\api_controll.php(275): PDOStatement->execute(Array)
#1 C:\Apache24\htdocs\api_practice\api_controll.php(373): DataFactory::InsertData(Array, Array)
#2 {main}

[09-Jun-2022 07:13:14 UTC] PDOException: SQLSTATE[22P02]: Invalid text representation: 7 ERROR:  invalid input syntax for type bigint: "s"
CONTEXT:  unnamed portal parameter $1 = '...' in C:\Apache24\htdocs\api_practice\api_controll.php:188
Stack trace:
#0 C:\Apache24\htdocs\api_practice\api_controll.php(188): PDOStatement->execute()
#1 C:\Apache24\htdocs\api_practice\api_controll.php(398): DataFactory::SearchData(Array, 's')
#2 {main}

[09-Jun-2022 07:17:20 UTC] PDOException: SQLSTATE[22P02]: Invalid text representation: 7 ERROR:  invalid input syntax for type bigint: "Array"
CONTEXT:  unnamed portal parameter $1 = '...' in C:\Apache24\htdocs\api_practice\api_controll.php:268
Stack trace:
#0 C:\Apache24\htdocs\api_practice\api_controll.php(268): PDOStatement->execute()
#1 C:\Apache24\htdocs\api_practice\api_controll.php(358): DataFactory::InsertData(Array, Array)
#2 {main}

[09-Jun-2022 07:23:02 UTC] PDOException: SQLSTATE[22P02]: Invalid text representation: 7 ERROR:  invalid input syntax for type bigint: "Array"
CONTEXT:  unnamed portal parameter $1 = '...' in C:\Apache24\htdocs\api_practice\api_controll.php:267
Stack trace:
#0 C:\Apache24\htdocs\api_practice\api_controll.php(267): PDOStatement->execute()
#1 C:\Apache24\htdocs\api_practice\api_controll.php(357): DataFactory::InsertData(Array, Array)
#2 {main}

[09-Jun-2022 07:49:03 UTC] PDOException: SQLSTATE[22P02]: Invalid text representation: 7 ERROR:  invalid input syntax for type bigint: "syfvf"
CONTEXT:  unnamed portal parameter $1 = '...' in C:\Apache24\htdocs\api_practice\api_controll.php:187
Stack trace:
#0 C:\Apache24\htdocs\api_practice\api_controll.php(187): PDOStatement->execute()
#1 C:\Apache24\htdocs\api_practice\api_controll.php(397): DataFactory::SearchData(Array, 'syfvf')
#2 {main}

[09-Jun-2022 07:52:25 UTC] PDOException: SQLSTATE[23505]: Unique violation: 7 ERROR:  duplicate key value violates unique constraint "api_practice_merchanttradenum_key"
DETAIL:  Key (merchanttradenum)=(cs00049) already exists. in C:\Apache24\htdocs\api_practice\api_controll.php:259
Stack trace:
#0 C:\Apache24\htdocs\api_practice\api_controll.php(259): PDOStatement->execute(Array)
#1 C:\Apache24\htdocs\api_practice\api_controll.php(357): DataFactory::InsertData(Array, Array)
#2 {main}

[09-Jun-2022 07:58:01 UTC] PDOException: SQLSTATE[23505]: Unique violation: 7 ERROR:  duplicate key value violates unique constraint "api_practice_merchanttradenum_key"
DETAIL:  Key (merchanttradenum)=(cs00049) already exists. in C:\Apache24\htdocs\api_practice\api_controll.php:259
Stack trace:
#0 C:\Apache24\htdocs\api_practice\api_controll.php(259): PDOStatement->execute(Array)
#1 C:\Apache24\htdocs\api_practice\api_controll.php(357): DataFactory::InsertData(Array, Array)
#2 {main}

[21-Jun-2022 14:23:51 UTC] Error: Error: Call to undefined function bindParam() in C:\Apache24\htdocs\api_practice\api_controll.php:155
Stack trace:
#0 C:\Apache24\htdocs\api_practice\api_controll.php(402): DataFactory::Validation(Array, NULL, NULL, NULL)
#1 {main}

[21-Jun-2022 14:25:41 UTC] Error: Error: Call to undefined function bindParam() in C:\Apache24\htdocs\api_practice\api_controll.php:155
Stack trace:
#0 C:\Apache24\htdocs\api_practice\api_controll.php(402): DataFactory::Validation(Array, 'account_1', 'password_1', '127.0.0.1')
#1 {main}

[21-Jun-2022 14:28:30 UTC] Error: Error: Call to undefined function bindParam() in C:\Apache24\htdocs\api_practice\api_controll.php:155
Stack trace:
#0 C:\Apache24\htdocs\api_practice\api_controll.php(402): DataFactory::Validation(Array, 'account_2', 'password_2', '127.0.0.1')
#1 {main}

[24-Jun-2022 07:55:19 UTC] Type Error: TypeError: PDOStatement::fetchColumn(): Argument #1 ($column) must be of type int, string given in C:\Apache24\htdocs\api_practice\api_controll.php:201
Stack trace:
#0 C:\Apache24\htdocs\api_practice\api_controll.php(201): PDOStatement->fetchColumn('traderecordid')
#1 C:\Apache24\htdocs\api_practice\api_controll.php(414): DataFactory::SearchData(Array, '12')
#2 {main}

[24-Jun-2022 07:56:19 UTC] Type Error: TypeError: PDOStatement::fetchColumn(): Argument #1 ($column) must be of type int, string given in C:\Apache24\htdocs\api_practice\api_controll.php:201
Stack trace:
#0 C:\Apache24\htdocs\api_practice\api_controll.php(201): PDOStatement->fetchColumn('traderecordid')
#1 C:\Apache24\htdocs\api_practice\api_controll.php(414): DataFactory::SearchData(Array, '18')
#2 {main}

[24-Jun-2022 07:57:37 UTC] Type Error: TypeError: PDOStatement::fetchColumn(): Argument #1 ($column) must be of type int, string given in C:\Apache24\htdocs\api_practice\api_controll.php:201
Stack trace:
#0 C:\Apache24\htdocs\api_practice\api_controll.php(201): PDOStatement->fetchColumn('traderecordid')
#1 C:\Apache24\htdocs\api_practice\api_controll.php(414): DataFactory::SearchData(Array, '26')
#2 {main}

[26-Jun-2022 02:06:54 UTC] Error: Error: Call to undefined function int() in C:\Apache24\htdocs\api_practice\api_controll.php:401
Stack trace:
#0 {main}

[26-Jun-2022 08:59:18 UTC] PDOException: SQLSTATE[HY093]: Invalid parameter number: :merchantid in C:\Apache24\htdocs\api_practice\api_controll.php:219
Stack trace:
#0 C:\Apache24\htdocs\api_practice\api_controll.php(219): PDOStatement->execute(Array)
#1 C:\Apache24\htdocs\api_practice\api_controll.php(251): DataFactory::If_already_exist(Array, Array)
#2 C:\Apache24\htdocs\api_practice\api_controll.php(363): DataFactory::InsertData(Array, Array)
#3 {main}

[26-Jun-2022 09:01:46 UTC] Error: Error: Call to a member function bindParam() on null in C:\Apache24\htdocs\api_practice\api_controll.php:219
Stack trace:
#0 C:\Apache24\htdocs\api_practice\api_controll.php(252): DataFactory::If_already_exist(Array, Array)
#1 C:\Apache24\htdocs\api_practice\api_controll.php(364): DataFactory::InsertData(Array, Array)
#2 {main}

[26-Jun-2022 09:02:35 UTC] Exception: Duplicated MerchantTradeNum in C:\Apache24\htdocs\api_practice\api_controll.php:231
Stack trace:
#0 C:\Apache24\htdocs\api_practice\api_controll.php(252): DataFactory::If_already_exist(Array, Array)
#1 C:\Apache24\htdocs\api_practice\api_controll.php(364): DataFactory::InsertData(Array, Array)
#2 {main}

[28-Jun-2022 23:37:41 Asia/Taipei] Error: Error: Call to undefined function bindParam() in C:\Apache24\htdocs\api_practice\api_controll.php:169
Stack trace:
#0 C:\Apache24\htdocs\api_practice\api_controll.php(432): DataFactory::Validation(Array, '00001', 'password_1', '127.0.0.1')
#1 {main}

[28-Jun-2022 23:39:01 Asia/Taipei] Error: Error: Undefined constant "INVALID_AUTHENTICATION" in C:\Apache24\htdocs\api_practice\api_controll.php:435
Stack trace:
#0 {main}

[29-Jun-2022 11:17:07 Asia/Taipei] Error: Error: Call to undefined method PDO::perpare() in C:\Apache24\htdocs\api_practice\api_controll.php:166
Stack trace:
#0 C:\Apache24\htdocs\api_practice\api_controll.php(442): DataFactory::Validation(Array, '00001', 'password_1', '127.0.0.1')
#1 {main}

[29-Jun-2022 23:48:38 Asia/Taipei] Error: Error: Cannot use object of type TransactionData as array in C:\Apache24\htdocs\api_practice\api_controll.php:457
Stack trace:
#0 {main}

[30-Jun-2022 15:20:07 Asia/Taipei] PDOException: SQLSTATE[23502]: Not null violation: 7 ERROR:  null value in column "merchantid" of relation "account" violates not-null constraint
DETAIL:  Failing row contains (5, null, *0, 127.0.0.1). in C:\Apache24\htdocs\api_practice\api_controll.php:179
Stack trace:
#0 C:\Apache24\htdocs\api_practice\api_controll.php(179): PDOStatement->execute()
#1 C:\Apache24\htdocs\api_practice\api_controll.php(471): DataFactory::Validation(Array, NULL, 'aa_password', '127.0.0.1')
#2 {main}

[02-Jul-2022 23:14:26 Asia/Taipei] Type Error: TypeError: hash_equals(): Argument #1 ($known_string) must be of type string, null given in C:\Apache24\htdocs\api_practice\api_controll.php:167
Stack trace:
#0 C:\Apache24\htdocs\api_practice\api_controll.php(167): hash_equals(NULL, '*0')
#1 C:\Apache24\htdocs\api_practice\api_controll.php(471): DataFactory::Validation(Array, '00001', 'password_1', '127.0.0.1')
#2 {main}

[18-Jul-2022 22:50:00 Asia/Taipei] PDOException: SQLSTATE[23505]: Unique violation: 7 ERROR:  duplicate key value violates unique constraint "account_merchantid_key"
DETAIL:  Key (merchantid)=(00001) already exists. in C:\Apache24\htdocs\api_practice\api_controll.php:219
Stack trace:
#0 C:\Apache24\htdocs\api_practice\api_controll.php(219): PDOStatement->execute()
#1 C:\Apache24\htdocs\api_practice\api_controll.php(510): DataFactory::Validation(Array, '00001', 'passwor', '127.0.0.1')
#2 {main}

[18-Jul-2022 22:52:33 Asia/Taipei] PDOException: SQLSTATE[23505]: Unique violation: 7 ERROR:  duplicate key value violates unique constraint "account_merchantid_key"
DETAIL:  Key (merchantid)=(00001) already exists. in C:\Apache24\htdocs\api_practice\api_controll.php:219
Stack trace:
#0 C:\Apache24\htdocs\api_practice\api_controll.php(219): PDOStatement->execute()
#1 C:\Apache24\htdocs\api_practice\api_controll.php(510): DataFactory::Validation(Array, '00001', 'passwor', '127.0.0.1')
#2 {main}

[19-Jul-2022 15:51:50 Asia/Taipei] PDOException: SQLSTATE[23505]: Unique violation: 7 ERROR:  duplicate key value violates unique constraint "account_merchantid_key"
DETAIL:  Key (merchantid)=(00002) already exists. in C:\Apache24\htdocs\api_practice\api_controll.php:222
Stack trace:
#0 C:\Apache24\htdocs\api_practice\api_controll.php(222): PDOStatement->execute()
#1 C:\Apache24\htdocs\api_practice\api_controll.php(513): DataFactory::Validation(Array, '00002', 'passwor', '127.0.0.1')
#2 {main}

[19-Jul-2022 15:55:42 Asia/Taipei] PDOException: SQLSTATE[23502]: Not null violation: 7 ERROR:  null value in column "traderecordid" of relation "api_event_log" violates not-null constraint
DETAIL:  Failing row contains (2022-07-19 15:55:42+08, 00002, 127.0.0.1, Search, Info, User login successfully., null, null, null, null, null, null, null, null, null). in C:\Apache24\htdocs\api_practice\api_controll.php:88
Stack trace:
#0 C:\Apache24\htdocs\api_practice\api_controll.php(88): PDOStatement->execute(Array)
#1 C:\Apache24\htdocs\api_practice\api_controll.php(522): database_event_log('00002', '127.0.0.1', 'Search', 'Info', 'User login succ...', NULL, NULL, NULL, NULL, NULL, NULL, NULL, NULL, NULL)
#2 {main}

[19-Jul-2022 17:15:55 Asia/Taipei] PDOException: SQLSTATE[HY093]: Invalid parameter number: :ipaddress in C:\Apache24\htdocs\api_practice\api_controll.php:358
Stack trace:
#0 C:\Apache24\htdocs\api_practice\api_controll.php(358): PDOStatement->execute(Array)
#1 C:\Apache24\htdocs\api_practice\api_controll.php(494): DataFactory::InsertData(Array, Array)
#2 {main}

[19-Jul-2022 17:16:49 Asia/Taipei] PDOException: SQLSTATE[HY093]: Invalid parameter number: :ipaddress in C:\Apache24\htdocs\api_practice\api_controll.php:358
Stack trace:
#0 C:\Apache24\htdocs\api_practice\api_controll.php(358): PDOStatement->execute(Array)
#1 C:\Apache24\htdocs\api_practice\api_controll.php(494): DataFactory::InsertData(Array, Array)
#2 {main}

[19-Jul-2022 17:21:43 Asia/Taipei] Error: Error: Call to a member function get_merchantID() on int in C:\Apache24\htdocs\api_practice\api_controll.php:526
Stack trace:
#0 {main}

[19-Jul-2022 17:32:27 Asia/Taipei] Error: Error: Object of class TransactionData could not be converted to string in C:\Apache24\htdocs\api_practice\api_controll.php:88
Stack trace:
#0 C:\Apache24\htdocs\api_practice\api_controll.php(88): PDOStatement->execute(Array)
#1 C:\Apache24\htdocs\api_practice\api_controll.php(528): database_event_log('00001', '127.0.0.1', 'Create', 'Info', 'Transaction dat...', Object(TransactionData), NULL, NULL, NULL, NULL, NULL, NULL, NULL, NULL)
#2 {main}

[20-Jul-2022 11:17:05 Asia/Taipei] PDOException: SQLSTATE[22P02]: Invalid text representation: 7 ERROR:  invalid input syntax for type integer: ""
CONTEXT:  unnamed portal parameter $10 = '' in C:\Apache24\htdocs\api_practice\api_controll.php:88
Stack trace:
#0 C:\Apache24\htdocs\api_practice\api_controll.php(88): PDOStatement->execute(Array)
#1 C:\Apache24\htdocs\api_practice\api_controll.php(492): database_event_log('00001', '127.0.0.1', 'Create', 'Error', 'Parameter [Merc...', NULL, '00001', 'cs00057', '', '', '', NULL, NULL, NULL)
#2 {main}

[20-Jul-2022 11:52:29 Asia/Taipei] PDOException: SQLSTATE[23502]: Not null violation: 7 ERROR:  null value in column "account" of relation "api_event_log" violates not-null constraint
DETAIL:  Failing row contains (2022-07-20 11:52:29+08, null, 127.0.0.1, Delete, Error, User permission is invalid., 61, null, null, null, null, null, null, null, null). in C:\Apache24\htdocs\api_practice\api_controll.php:88
Stack trace:
#0 C:\Apache24\htdocs\api_practice\api_controll.php(88): PDOStatement->execute(Array)
#1 C:\Apache24\htdocs\api_practice\api_controll.php(430): database_event_log(NULL, '127.0.0.1', 'Delete', 'Error', 'User permission...', '61', NULL, NULL, NULL, NULL, NULL, NULL, NULL, NULL)
#2 C:\Apache24\htdocs\api_practice\api_controll.php(570): DataFactory::DeleteData(Array, Array)
#3 {main}

[20-Jul-2022 22:24:08 Asia/Taipei] PDOException: SQLSTATE[23502]: Not null violation: 7 ERROR:  null value in column "merchanttradedate" of relation "api_practice" violates not-null constraint
DETAIL:  Failing row contains (1, 00001, cs00001, null, 21000, null, null, null, null). in C:\Apache24\htdocs\api_practice\api_controll.php:486
Stack trace:
#0 C:\Apache24\htdocs\api_practice\api_controll.php(486): PDOStatement->execute(Array)
#1 C:\Apache24\htdocs\api_practice\api_controll.php(683): DataFactory::UpdateData(Array, Array)
#2 {main}

[20-Jul-2022 22:28:08 Asia/Taipei] PDOException: SQLSTATE[23502]: Not null violation: 7 ERROR:  null value in column "merchanttradedate" of relation "api_practice" violates not-null constraint
DETAIL:  Failing row contains (1, 00001, cs00001, null, 21000, null, null, null, null). in C:\Apache24\htdocs\api_practice\api_controll.php:486
Stack trace:
#0 C:\Apache24\htdocs\api_practice\api_controll.php(486): PDOStatement->execute(Array)
#1 C:\Apache24\htdocs\api_practice\api_controll.php(683): DataFactory::UpdateData(Array, Array)
#2 {main}

[20-Jul-2022 22:34:17 Asia/Taipei] PDOException: SQLSTATE[23502]: Not null violation: 7 ERROR:  null value in column "merchanttradedate" of relation "api_practice" violates not-null constraint
DETAIL:  Failing row contains (1, 00001, cs00001, null, 21000, null, null, null, null). in C:\Apache24\htdocs\api_practice\api_controll.php:486
Stack trace:
#0 C:\Apache24\htdocs\api_practice\api_controll.php(486): PDOStatement->execute(Array)
#1 C:\Apache24\htdocs\api_practice\api_controll.php(683): DataFactory::UpdateData(Array, Array)
#2 {main}

[20-Jul-2022 22:37:11 Asia/Taipei] PDOException: SQLSTATE[42601]: Syntax error: 7 ERROR:  syntax error at or near "returning"
LINE 5: ...                                and itemname = $4 returning ...
                                                             ^ in C:\Apache24\htdocs\api_practice\api_controll.php:501
Stack trace:
#0 C:\Apache24\htdocs\api_practice\api_controll.php(501): PDOStatement->execute(Array)
#1 C:\Apache24\htdocs\api_practice\api_controll.php(683): DataFactory::UpdateData(Array, Array)
#2 {main}

[20-Jul-2022 22:37:52 Asia/Taipei] PDOException: SQLSTATE[42601]: Syntax error: 7 ERROR:  syntax error at or near "returning"
LINE 5: ...                                and itemname = $4 returning ...
                                                             ^ in C:\Apache24\htdocs\api_practice\api_controll.php:501
Stack trace:
#0 C:\Apache24\htdocs\api_practice\api_controll.php(501): PDOStatement->execute(Array)
#1 C:\Apache24\htdocs\api_practice\api_controll.php(683): DataFactory::UpdateData(Array, Array)
#2 {main}

[25-Jul-2022 14:04:49 Asia/Taipei] Type Error: TypeError: hash_equals(): Argument #1 ($known_string) must be of type string, null given in C:\Apache24\htdocs\api_practice\api_controll.php:210
Stack trace:
#0 C:\Apache24\htdocs\api_practice\api_controll.php(210): hash_equals(NULL, '*0')
#1 C:\Apache24\htdocs\api_practice\api_controll.php(765): DataFactory::Validation(Array, NULL, NULL, '::1')
#2 {main}

